2015-Apr-10 20:05:44 Наличие необходимых модулей php (check_php_modules): Ok
Все необходимые модули установлены
2015-Apr-10 20:05:44 Обязательные параметры PHP (check_php_settings): Ok
Настройки правильные
2015-Apr-10 20:05:44 Модули веб-сервера (check_security): Ok
Конфликтов не выявлено
2015-Apr-10 20:05:44 Значения переменных сервера (check_server_vars): Ok
Корректные
2015-Apr-10 20:05:44 Сохранение сессии (check_session): Ok
50% done
2015-Apr-10 20:05:44 Сохранение сессии (check_session): Ok
Успешно
2015-Apr-10 20:05:45 Параметры настройки UTF (mbstring и константа BX_UTF) (check_mbstring): Ok
Правильные. Сайт работает в UTF кодировке
2015-Apr-10 20:05:45 Работа с сокетами (check_socket): Ok
Connection to www.kickgoods.ru:80	Success

Успешно
2015-Apr-10 20:05:45 Параметры подключения к базе данных (check_dbconn_settings): Ok
Успешно
2015-Apr-10 20:05:45 Лишний вывод в файлах конфигурации (check_dbconn): Ok
Connection to www.kickgoods.ru:80	Success

Успешно
2015-Apr-10 20:05:45 Выполнение агентов на cron (check_bx_crontab): Warning
Замечание. Агенты выполняются на хитах, рекомендуется перевести выполнение агентов на cron
2015-Apr-10 20:05:45 Сохранение сессии без UserAgent (check_session_ua): Ok
50% done
Connection to www.kickgoods.ru:80	Success

2015-Apr-10 20:05:46 Сохранение сессии без UserAgent (check_session_ua): Ok
Connection to www.kickgoods.ru:80	Success

Успешно
2015-Apr-10 20:05:46 Настройки сайтов (check_sites): Ok
Правильные
2015-Apr-10 20:05:46 Служебные скрипты в корне сайта (check_install_scripts): Ok
Отсутствуют
2015-Apr-10 20:05:46 Передача объектов по ссылке (check_clone): Ok
Успешно
2015-Apr-10 20:05:46 Размер стека и pcre.recursion_limit (check_pcre_recursion): Warning
Connection to www.kickgoods.ru:80	Success

Замечание. Возможны проблемы в работе с длинными строками из-за системных ограничений
2015-Apr-10 20:05:46 Вызов method_exists на строке (check_method_exists): Ok
Connection to www.kickgoods.ru:80	Success

Успешно
2015-Apr-10 20:05:46 Загрузка файла (check_upload): Ok
Connection to www.kickgoods.ru:80	Success

Успешно
2015-Apr-10 20:05:46 Загрузка файла больше 4Мб (check_upload_big): Ok
Connection to www.kickgoods.ru:80	Success

Успешно
2015-Apr-10 20:05:46 Загрузка файла через php://input (check_upload_raw): Ok
Connection to www.kickgoods.ru:80	Success

Успешно
2015-Apr-10 20:05:47 Передача POST запроса с большим числом параметров (check_post): Ok
Connection to www.kickgoods.ru:80	Success

Успешно
2015-Apr-10 20:05:47 Отправка почты (check_mail): Ok
Успешно
2015-Apr-10 20:05:47 Отправка почтового сообщения больше 64Кб (check_mail_big): Ok
Успешно
2015-Apr-10 20:05:47 Проверка на наличие неотправленных сообщений (check_mail_b_event): Ok
Успешно
2015-Apr-10 20:05:47 Внутреннее перенаправление (функция LocalRedirect) (check_localredirect): Ok
50% done
Connection to www.kickgoods.ru:80	Success

2015-Apr-10 20:05:48 Внутреннее перенаправление (функция LocalRedirect) (check_localredirect): Ok
Connection to www.kickgoods.ru:80	Success

Успешно
2015-Apr-10 20:05:48 Фактическое ограничение памяти (check_memory_limit): Ok
20% done
Connection to www.kickgoods.ru:80	Success

2015-Apr-10 20:05:48 Фактическое ограничение памяти (check_memory_limit): Ok
40% done
Connection to www.kickgoods.ru:80	Success

2015-Apr-10 20:05:48 Фактическое ограничение памяти (check_memory_limit): Ok
60% done
Connection to www.kickgoods.ru:80	Success

2015-Apr-10 20:05:48 Фактическое ограничение памяти (check_memory_limit): Ok
80% done
Connection to www.kickgoods.ru:80	Success

2015-Apr-10 20:05:49 Фактическое ограничение памяти (check_memory_limit): Ok
Connection to www.kickgoods.ru:80	Success

Не менее 256 М
2015-Apr-10 20:05:49 Работа с файлами кеша (check_cache): Ok
Успешно
2015-Apr-10 20:05:50 Доступ к серверу обновлений (check_update): Ok
Успешно
2015-Apr-10 20:05:50 HTTP авторизация (check_http_auth): Ok
Connection to www.kickgoods.ru:80	Success

Успешно
2015-Apr-10 20:05:50 Создание и запуск файла (check_exec): Ok
Connection to www.kickgoods.ru:80	Success

Успешно
2015-Apr-10 20:05:50 Функция getimagesize для swf (check_getimagesize): Ok
Успешно
2015-Apr-10 20:05:50 Версия MySQL сервера (check_mysql_bug_version): Ok
Успешно
2015-Apr-10 20:05:51 Время на БД и веб сервере (check_mysql_time): Ok
Успешно
2015-Apr-10 20:05:51 Режим работы MySQL (check_mysql_mode): Ok
Успешно
2015-Apr-10 20:05:51 Кодировка соединения (check_mysql_connection_charset): Ok
character_set_connection=utf8, collation_connection=utf8_unicode_ci, character_set_results=utf8
Успешно
2015-Apr-10 20:05:51 Кодировка базы данных (check_mysql_db_charset): Ok
CHARSET=utf8, COLLATION=utf8_unicode_ci
Успешно
2015-Apr-10 20:05:51 Кодировки таблиц в БД (check_mysql_table_charset): Ok
Успешно
2015-Apr-10 20:05:51 Структура базы данных (check_mysql_table_structure): Ok
0% done
2015-Apr-10 20:05:54 Структура базы данных (check_mysql_table_structure): Ok
3% done
2015-Apr-10 20:05:54 Структура базы данных (check_mysql_table_structure): Ok
6% done
2015-Apr-10 20:05:54 Структура базы данных (check_mysql_table_structure): Ok
10% done
2015-Apr-10 20:05:54 Структура базы данных (check_mysql_table_structure): Ok
13% done
2015-Apr-10 20:05:55 Структура базы данных (check_mysql_table_structure): Ok
17% done
2015-Apr-10 20:05:55 Структура базы данных (check_mysql_table_structure): Ok
20% done
2015-Apr-10 20:05:55 Структура базы данных (check_mysql_table_structure): Ok
24% done
2015-Apr-10 20:05:55 Структура базы данных (check_mysql_table_structure): Ok
27% done
2015-Apr-10 20:05:55 Структура базы данных (check_mysql_table_structure): Ok
31% done
2015-Apr-10 20:05:55 Структура базы данных (check_mysql_table_structure): Ok
34% done
2015-Apr-10 20:05:55 Структура базы данных (check_mysql_table_structure): Ok
37% done
2015-Apr-10 20:05:56 Структура базы данных (check_mysql_table_structure): Ok
41% done
2015-Apr-10 20:05:57 Структура базы данных (check_mysql_table_structure): Ok
44% done
2015-Apr-10 20:06:03 Структура базы данных (check_mysql_table_structure): Ok
48% done
2015-Apr-10 20:06:03 Структура базы данных (check_mysql_table_structure): Ok
51% done
2015-Apr-10 20:06:04 Структура базы данных (check_mysql_table_structure): Ok
55% done
2015-Apr-10 20:06:04 Структура базы данных (check_mysql_table_structure): Ok
58% done
2015-Apr-10 20:06:04 Структура базы данных (check_mysql_table_structure): Ok
62% done
2015-Apr-10 20:06:06 Структура базы данных (check_mysql_table_structure): Ok
65% done
2015-Apr-10 20:06:08 Структура базы данных (check_mysql_table_structure): Ok
68% done
2015-Apr-10 20:06:09 Структура базы данных (check_mysql_table_structure): Ok
72% done
2015-Apr-10 20:06:09 Структура базы данных (check_mysql_table_structure): Ok
75% done
2015-Apr-10 20:06:15 Структура базы данных (check_mysql_table_structure): Ok
79% done
2015-Apr-10 20:06:15 Структура базы данных (check_mysql_table_structure): Ok
82% done
2015-Apr-10 20:06:15 Структура базы данных (check_mysql_table_structure): Ok
86% done
2015-Apr-10 20:06:15 Структура базы данных (check_mysql_table_structure): Ok
89% done
2015-Apr-10 20:06:16 Структура базы данных (check_mysql_table_structure): Ok
93% done
2015-Apr-10 20:06:17 Структура базы данных (check_mysql_table_structure): Ok
96% done
2015-Apr-10 20:06:17 Структура базы данных (check_mysql_table_structure): Ok
Успешно
